<?xml version="1.0" encoding="UTF-8"?>
<testsuite name="Scenario: HeartAge all links test" time="0.099" tests="7" errors="0" skipped="0" failures="0">
  <properties>
[...]
</properties>
  <testcase name="Given I land on heart age test page" classname="Scenario: Test HeartAge with different set of data" time="0.002"/>
  <testcase name="And click on Start option" classname="Scenario: Test HeartAge with different set of data" time="0"/>
  <testcase name="And Enter details from excel &quot;C:\Automation\BDD_PHE_HeartAge\src\test\java\HA_TestData\Heart Age - Test cases v1.xlsx&quot; and &quot;Test HeartAge with different set of data&quot;" classname="Scenario: Test HeartAge with different set of data" time="0"/>
  <testcase name="Scenario: Test HeartAge with different set of data" classname="Scenario: Test HeartAge with different set of data" time="0.003"/>
  <testcase name="Given I land on heart age page and click on terms and conditions" classname="Scenario: HeartAge all links test" time="0"/>
  <testcase name="When clicked on links why is this asked, why is this imp, why is this being asked, what is cardiovascular disease, height, weight, what is rheumatoid arthritis?,What is chronic kidney disease?,what is atrial fibrillation?,What does this mean?,Cholesterol information,blood pressure information,Blood pressure treatment from &quot;C:\Automation\BDD_PHE_HeartAge\src\test\java\HA_TestData\Heart Age - Test cases v1.xlsx&quot;" classname="Scenario: HeartAge all links test" time="0.047"/>
  <testcase name="Scenario: HeartAge all links test" classname="Scenario: HeartAge all links test" time="0.047"/>
</testsuite>